2015-01-14 22:31:27,274 [FileSystemWatcher: files=#109 cl=groovy.lang.GroovyClassLoader@3144e289] ERROR StackTrace  - Full Stack Trace:
BUG! exception in phase 'canonicalization' in source unit 'script1421245887049862416481.groovy' unexpected NullpointerException
	at org.codehaus.groovy.control.CompilationUnit.applyToPrimaryClassNodes(CompilationUnit.java:1052)
	at org.codehaus.groovy.control.CompilationUnit.doPhaseOperation(CompilationUnit.java:583)
	at org.codehaus.groovy.control.CompilationUnit.processPhaseOperations(CompilationUnit.java:561)
	at org.codehaus.groovy.control.CompilationUnit.compile(CompilationUnit.java:538)
	at groovy.lang.GroovyClassLoader.doParseClass(GroovyClassLoader.java:286)
	at groovy.lang.GroovyClassLoader.parseClass(GroovyClassLoader.java:259)
	at groovy.lang.GroovyClassLoader.parseClass(GroovyClassLoader.java:245)
	at groovy.lang.GroovyClassLoader.parseClass(GroovyClassLoader.java:203)
	at groovy.lang.GroovyClassLoader.parseClass(GroovyClassLoader.java:213)
	at groovy.lang.GroovyClassLoader$parseClass$1.call(Unknown Source)
	at ScaffoldingGrailsPlugin.createScaffoldedInstance(ScaffoldingGrailsPlugin.groovy:184)
	at ScaffoldingGrailsPlugin.this$2$createScaffoldedInstance(ScaffoldingGrailsPlugin.groovy)
	at ScaffoldingGrailsPlugin$this$2$createScaffoldedInstance$2.callCurrent(Unknown Source)
	at ScaffoldingGrailsPlugin.configureScaffoldingController(ScaffoldingGrailsPlugin.groovy:139)
	at ScaffoldingGrailsPlugin.this$2$configureScaffoldingController(ScaffoldingGrailsPlugin.groovy)
	at sun.reflect.NativeMethodAccessorImpl.invoke0(Native Method)
	at sun.reflect.NativeMethodAccessorImpl.invoke(NativeMethodAccessorImpl.java:57)
	at sun.reflect.DelegatingMethodAccessorImpl.invoke(DelegatingMethodAccessorImpl.java:43)
	at java.lang.reflect.Method.invoke(Method.java:606)
	at org.springsource.loaded.ri.OriginalClassInvoker.invoke(OriginalClassInvoker.java:47)
	at org.springsource.loaded.ri.ReflectiveInterceptor.jlrMethodInvoke(ReflectiveInterceptor.java:1299)
	at org.codehaus.groovy.reflection.CachedMethod.invoke(CachedMethod.java:90)
	at groovy.lang.MetaMethod.doMethodInvoke(MetaMethod.java:324)
	at groovy.lang.MetaClassImpl.invokeMethod(MetaClassImpl.java:1207)
	at groovy.lang.ExpandoMetaClass.invokeMethod(ExpandoMetaClass.java:1110)
	at groovy.lang.MetaClassImpl.invokeMethod(MetaClassImpl.java:1016)
	at groovy.lang.MetaClassImpl.invokeMethod(MetaClassImpl.java:1152)
	at groovy.lang.ExpandoMetaClass.invokeMethod(ExpandoMetaClass.java:1110)
	at groovy.lang.MetaClassImpl.invokeMethod(MetaClassImpl.java:1016)
	at org.codehaus.groovy.runtime.callsite.PogoMetaClassSite.callCurrent(PogoMetaClassSite.java:66)
	at org.codehaus.groovy.runtime.callsite.AbstractCallSite.callCurrent(AbstractCallSite.java:149)
	at ScaffoldingGrailsPlugin$_closure3.doCall(ScaffoldingGrailsPlugin.groovy:105)
	at sun.reflect.NativeMethodAccessorImpl.invoke0(Native Method)
	at sun.reflect.NativeMethodAccessorImpl.invoke(NativeMethodAccessorImpl.java:57)
	at sun.reflect.DelegatingMethodAccessorImpl.invoke(DelegatingMethodAccessorImpl.java:43)
	at java.lang.reflect.Method.invoke(Method.java:606)
	at org.springsource.loaded.ri.OriginalClassInvoker.invoke(OriginalClassInvoker.java:47)
	at org.springsource.loaded.ri.ReflectiveInterceptor.jlrMethodInvoke(ReflectiveInterceptor.java:1299)
	at org.codehaus.groovy.reflection.CachedMethod.invoke(CachedMethod.java:90)
	at groovy.lang.MetaMethod.doMethodInvoke(MetaMethod.java:324)
	at groovy.lang.MetaClassImpl.invokeMethod(MetaClassImpl.java:1207)
	at groovy.lang.ExpandoMetaClass.invokeMethod(ExpandoMetaClass.java:1110)
	at groovy.lang.MetaClassImpl.invokeMethod(MetaClassImpl.java:1016)
	at groovy.lang.Closure.call(Closure.java:423)
	at ScaffoldingGrailsPlugin$_closure3.call(ScaffoldingGrailsPlugin.groovy)
	at org.codehaus.groovy.grails.plugins.DefaultGrailsPlugin.invokeOnChangeListener(DefaultGrailsPlugin.java:767)
	at org.codehaus.groovy.grails.plugins.DefaultGrailsPlugin.notifyOfEvent(DefaultGrailsPlugin.java:716)
	at org.codehaus.groovy.grails.plugins.DefaultGrailsPluginManager.informObservers(DefaultGrailsPluginManager.java:242)
	at org.codehaus.groovy.grails.plugins.DefaultGrailsPlugin.notifyOfEvent(DefaultGrailsPlugin.java:732)
	at org.codehaus.groovy.grails.plugins.AbstractGrailsPluginManager.informOfClassChange(AbstractGrailsPluginManager.java:408)
	at org.codehaus.groovy.grails.project.compiler.GrailsProjectWatcher$2.run(GrailsProjectWatcher.java:246)
	at org.codehaus.groovy.grails.project.compiler.GrailsProjectWatcher.firePendingClassChangeEvents(GrailsProjectWatcher.java:107)
	at org.codehaus.groovy.grails.cli.agent.GrailsPluginManagerReloadPlugin.reloadEvent(GrailsPluginManagerReloadPlugin.java:42)
	at org.springsource.loaded.TypeRegistry.fireReloadEvent(TypeRegistry.java:1794)
	at org.springsource.loaded.ReloadableType.loadNewVersion(ReloadableType.java:417)
	at org.springsource.loaded.TypeRegistry.loadNewVersion(TypeRegistry.java:845)
	at org.springsource.loaded.agent.ReloadableFileChangeListener.fileChanged(ReloadableFileChangeListener.java:51)
	at org.springsource.loaded.agent.Watcher.determineChangesSince(FileSystemWatcher.java:235)
	at org.springsource.loaded.agent.Watcher.run(FileSystemWatcher.java:219)
	at java.lang.Thread.run(Thread.java:724)
Caused by: java.lang.NullPointerException
	at org.springsource.loaded.ri.ReflectiveInterceptor.jlrMethodGetParameterAnnotations(ReflectiveInterceptor.java:960)
	at org.codehaus.groovy.vmplugin.v5.Java5.configureClassNode(Java5.java:363)
	at org.codehaus.groovy.ast.ClassNode.lazyClassInit(ClassNode.java:261)
	at org.codehaus.groovy.ast.ClassNode.getUnresolvedSuperClass(ClassNode.java:981)
	at org.codehaus.groovy.ast.ClassNode.getUnresolvedSuperClass(ClassNode.java:976)
	at org.codehaus.groovy.ast.ClassNode.getSuperClass(ClassNode.java:970)
	at org.codehaus.groovy.ast.ClassNode.isDerivedFrom(ClassNode.java:913)
	at org.codehaus.groovy.grails.compiler.web.ControllerActionTransformer.isExceptionHandlingMethod(ControllerActionTransformer.java:219)
	at org.codehaus.groovy.grails.compiler.web.ControllerActionTransformer.methodShouldBeConfiguredAsControllerAction(ControllerActionTransformer.java:286)
	at org.codehaus.groovy.grails.compiler.web.ControllerActionTransformer.processMethods(ControllerActionTransformer.java:230)
	at org.codehaus.groovy.grails.compiler.web.ControllerActionTransformer.performInjectionOnAnnotatedClass(ControllerActionTransformer.java:203)
	at org.codehaus.groovy.grails.compiler.injection.AbstractArtefactTypeAstTransformation.performInjectionOnArtefactType(AbstractArtefactTypeAstTransformation.java:46)
	at org.codehaus.groovy.grails.compiler.injection.NamedArtefactTypeAstTransformation.visit(NamedArtefactTypeAstTransformation.java:41)
	at org.codehaus.groovy.transform.ASTTransformation$visit.call(Unknown Source)
	at org.codehaus.groovy.control.customizers.ASTTransformationCustomizer.call(ASTTransformationCustomizer.groovy:295)
	at org.codehaus.groovy.control.CompilationUnit.applyToPrimaryClassNodes(CompilationUnit.java:1047)
	... 59 more
2015-01-14 22:31:27,277 [FileSystemWatcher: files=#109 cl=groovy.lang.GroovyClassLoader@3144e289] ERROR StackTrace  - Full Stack Trace:
java.lang.NullPointerException
	at org.springsource.loaded.ri.ReflectiveInterceptor.jlrMethodGetParameterAnnotations(ReflectiveInterceptor.java:960)
	at org.codehaus.groovy.vmplugin.v5.Java5.configureClassNode(Java5.java:363)
	at org.codehaus.groovy.ast.ClassNode.lazyClassInit(ClassNode.java:261)
	at org.codehaus.groovy.ast.ClassNode.getUnresolvedSuperClass(ClassNode.java:981)
	at org.codehaus.groovy.ast.ClassNode.getUnresolvedSuperClass(ClassNode.java:976)
	at org.codehaus.groovy.ast.ClassNode.getSuperClass(ClassNode.java:970)
	at org.codehaus.groovy.ast.ClassNode.isDerivedFrom(ClassNode.java:913)
	at org.codehaus.groovy.grails.compiler.web.ControllerActionTransformer.isExceptionHandlingMethod(ControllerActionTransformer.java:219)
	at org.codehaus.groovy.grails.compiler.web.ControllerActionTransformer.methodShouldBeConfiguredAsControllerAction(ControllerActionTransformer.java:286)
	at org.codehaus.groovy.grails.compiler.web.ControllerActionTransformer.processMethods(ControllerActionTransformer.java:230)
	at org.codehaus.groovy.grails.compiler.web.ControllerActionTransformer.performInjectionOnAnnotatedClass(ControllerActionTransformer.java:203)
	at org.codehaus.groovy.grails.compiler.injection.AbstractArtefactTypeAstTransformation.performInjectionOnArtefactType(AbstractArtefactTypeAstTransformation.java:46)
	at org.codehaus.groovy.grails.compiler.injection.NamedArtefactTypeAstTransformation.visit(NamedArtefactTypeAstTransformation.java:41)
	at org.codehaus.groovy.transform.ASTTransformation$visit.call(Unknown Source)
	at org.codehaus.groovy.control.customizers.ASTTransformationCustomizer.call(ASTTransformationCustomizer.groovy:295)
	at org.codehaus.groovy.control.CompilationUnit.applyToPrimaryClassNodes(CompilationUnit.java:1047)
	at org.codehaus.groovy.control.CompilationUnit.doPhaseOperation(CompilationUnit.java:583)
	at org.codehaus.groovy.control.CompilationUnit.processPhaseOperations(CompilationUnit.java:561)
	at org.codehaus.groovy.control.CompilationUnit.compile(CompilationUnit.java:538)
	at groovy.lang.GroovyClassLoader.doParseClass(GroovyClassLoader.java:286)
	at groovy.lang.GroovyClassLoader.parseClass(GroovyClassLoader.java:259)
	at groovy.lang.GroovyClassLoader.parseClass(GroovyClassLoader.java:245)
	at groovy.lang.GroovyClassLoader.parseClass(GroovyClassLoader.java:203)
	at groovy.lang.GroovyClassLoader.parseClass(GroovyClassLoader.java:213)
	at groovy.lang.GroovyClassLoader$parseClass$1.call(Unknown Source)
	at ScaffoldingGrailsPlugin.createScaffoldedInstance(ScaffoldingGrailsPlugin.groovy:184)
	at ScaffoldingGrailsPlugin.this$2$createScaffoldedInstance(ScaffoldingGrailsPlugin.groovy)
	at ScaffoldingGrailsPlugin$this$2$createScaffoldedInstance$2.callCurrent(Unknown Source)
	at ScaffoldingGrailsPlugin.configureScaffoldingController(ScaffoldingGrailsPlugin.groovy:139)
	at ScaffoldingGrailsPlugin.this$2$configureScaffoldingController(ScaffoldingGrailsPlugin.groovy)
	at sun.reflect.NativeMethodAccessorImpl.invoke0(Native Method)
	at sun.reflect.NativeMethodAccessorImpl.invoke(NativeMethodAccessorImpl.java:57)
	at sun.reflect.DelegatingMethodAccessorImpl.invoke(DelegatingMethodAccessorImpl.java:43)
	at java.lang.reflect.Method.invoke(Method.java:606)
	at org.springsource.loaded.ri.OriginalClassInvoker.invoke(OriginalClassInvoker.java:47)
	at org.springsource.loaded.ri.ReflectiveInterceptor.jlrMethodInvoke(ReflectiveInterceptor.java:1299)
	at org.codehaus.groovy.reflection.CachedMethod.invoke(CachedMethod.java:90)
	at groovy.lang.MetaMethod.doMethodInvoke(MetaMethod.java:324)
	at groovy.lang.MetaClassImpl.invokeMethod(MetaClassImpl.java:1207)
	at groovy.lang.ExpandoMetaClass.invokeMethod(ExpandoMetaClass.java:1110)
	at groovy.lang.MetaClassImpl.invokeMethod(MetaClassImpl.java:1016)
	at groovy.lang.MetaClassImpl.invokeMethod(MetaClassImpl.java:1152)
	at groovy.lang.ExpandoMetaClass.invokeMethod(ExpandoMetaClass.java:1110)
	at groovy.lang.MetaClassImpl.invokeMethod(MetaClassImpl.java:1016)
	at org.codehaus.groovy.runtime.callsite.PogoMetaClassSite.callCurrent(PogoMetaClassSite.java:66)
	at org.codehaus.groovy.runtime.callsite.AbstractCallSite.callCurrent(AbstractCallSite.java:149)
	at ScaffoldingGrailsPlugin$_closure3.doCall(ScaffoldingGrailsPlugin.groovy:105)
	at sun.reflect.NativeMethodAccessorImpl.invoke0(Native Method)
	at sun.reflect.NativeMethodAccessorImpl.invoke(NativeMethodAccessorImpl.java:57)
	at sun.reflect.DelegatingMethodAccessorImpl.invoke(DelegatingMethodAccessorImpl.java:43)
	at java.lang.reflect.Method.invoke(Method.java:606)
	at org.springsource.loaded.ri.OriginalClassInvoker.invoke(OriginalClassInvoker.java:47)
	at org.springsource.loaded.ri.ReflectiveInterceptor.jlrMethodInvoke(ReflectiveInterceptor.java:1299)
	at org.codehaus.groovy.reflection.CachedMethod.invoke(CachedMethod.java:90)
	at groovy.lang.MetaMethod.doMethodInvoke(MetaMethod.java:324)
	at groovy.lang.MetaClassImpl.invokeMethod(MetaClassImpl.java:1207)
	at groovy.lang.ExpandoMetaClass.invokeMethod(ExpandoMetaClass.java:1110)
	at groovy.lang.MetaClassImpl.invokeMethod(MetaClassImpl.java:1016)
	at groovy.lang.Closure.call(Closure.java:423)
	at ScaffoldingGrailsPlugin$_closure3.call(ScaffoldingGrailsPlugin.groovy)
	at org.codehaus.groovy.grails.plugins.DefaultGrailsPlugin.invokeOnChangeListener(DefaultGrailsPlugin.java:767)
	at org.codehaus.groovy.grails.plugins.DefaultGrailsPlugin.notifyOfEvent(DefaultGrailsPlugin.java:716)
	at org.codehaus.groovy.grails.plugins.DefaultGrailsPluginManager.informObservers(DefaultGrailsPluginManager.java:242)
	at org.codehaus.groovy.grails.plugins.DefaultGrailsPlugin.notifyOfEvent(DefaultGrailsPlugin.java:732)
	at org.codehaus.groovy.grails.plugins.AbstractGrailsPluginManager.informOfClassChange(AbstractGrailsPluginManager.java:408)
	at org.codehaus.groovy.grails.project.compiler.GrailsProjectWatcher$2.run(GrailsProjectWatcher.java:246)
	at org.codehaus.groovy.grails.project.compiler.GrailsProjectWatcher.firePendingClassChangeEvents(GrailsProjectWatcher.java:107)
	at org.codehaus.groovy.grails.cli.agent.GrailsPluginManagerReloadPlugin.reloadEvent(GrailsPluginManagerReloadPlugin.java:42)
	at org.springsource.loaded.TypeRegistry.fireReloadEvent(TypeRegistry.java:1794)
	at org.springsource.loaded.ReloadableType.loadNewVersion(ReloadableType.java:417)
	at org.springsource.loaded.TypeRegistry.loadNewVersion(TypeRegistry.java:845)
	at org.springsource.loaded.agent.ReloadableFileChangeListener.fileChanged(ReloadableFileChangeListener.java:51)
	at org.springsource.loaded.agent.Watcher.determineChangesSince(FileSystemWatcher.java:235)
	at org.springsource.loaded.agent.Watcher.run(FileSystemWatcher.java:219)
	at java.lang.Thread.run(Thread.java:724)
2015-01-14 22:31:27,278 [FileSystemWatcher: files=#109 cl=groovy.lang.GroovyClassLoader@3144e289] ERROR StackTrace  - Full Stack Trace:
BUG! exception in phase 'canonicalization' in source unit 'script1421245887049862416481.groovy' unexpected NullpointerException
	at org.codehaus.groovy.control.CompilationUnit.applyToPrimaryClassNodes(CompilationUnit.java:1052)
	at org.codehaus.groovy.control.CompilationUnit.doPhaseOperation(CompilationUnit.java:583)
	at org.codehaus.groovy.control.CompilationUnit.processPhaseOperations(CompilationUnit.java:561)
	at org.codehaus.groovy.control.CompilationUnit.compile(CompilationUnit.java:538)
	at ScaffoldingGrailsPlugin.createScaffoldedInstance(ScaffoldingGrailsPlugin.groovy:184)
	at ScaffoldingGrailsPlugin.configureScaffoldingController(ScaffoldingGrailsPlugin.groovy:139)
	at ScaffoldingGrailsPlugin$_closure3.doCall(ScaffoldingGrailsPlugin.groovy:105)
	at java.lang.Thread.run(Thread.java:724)
Caused by: java.lang.NullPointerException
	at org.codehaus.groovy.vmplugin.v5.Java5.configureClassNode(Java5.java:363)
	at org.codehaus.groovy.control.customizers.ASTTransformationCustomizer.call(ASTTransformationCustomizer.groovy:295)
	at org.codehaus.groovy.control.CompilationUnit.applyToPrimaryClassNodes(CompilationUnit.java:1047)
	... 7 more
2015-01-14 22:31:27,278 [FileSystemWatcher: files=#109 cl=groovy.lang.GroovyClassLoader@3144e289] ERROR StackTrace  - Full Stack Trace:
BUG! exception in phase 'canonicalization' in source unit 'script1421245887049862416481.groovy' unexpected NullpointerException
	at org.codehaus.groovy.control.CompilationUnit.applyToPrimaryClassNodes(CompilationUnit.java:1052)
	at org.codehaus.groovy.control.CompilationUnit.doPhaseOperation(CompilationUnit.java:583)
	at org.codehaus.groovy.control.CompilationUnit.processPhaseOperations(CompilationUnit.java:561)
	at org.codehaus.groovy.control.CompilationUnit.compile(CompilationUnit.java:538)
	at ScaffoldingGrailsPlugin.createScaffoldedInstance(ScaffoldingGrailsPlugin.groovy:184)
	at ScaffoldingGrailsPlugin.configureScaffoldingController(ScaffoldingGrailsPlugin.groovy:139)
	at ScaffoldingGrailsPlugin$_closure3.doCall(ScaffoldingGrailsPlugin.groovy:105)
	at java.lang.Thread.run(Thread.java:724)
Caused by: java.lang.NullPointerException
	at org.codehaus.groovy.vmplugin.v5.Java5.configureClassNode(Java5.java:363)
	at org.codehaus.groovy.control.customizers.ASTTransformationCustomizer.call(ASTTransformationCustomizer.groovy:295)
	at org.codehaus.groovy.control.CompilationUnit.applyToPrimaryClassNodes(CompilationUnit.java:1047)
	... 7 more
2015-01-14 22:31:27,278 [FileSystemWatcher: files=#109 cl=groovy.lang.GroovyClassLoader@3144e289] ERROR StackTrace  - Full Stack Trace:
java.lang.NullPointerException
	at org.codehaus.groovy.vmplugin.v5.Java5.configureClassNode(Java5.java:363)
	at org.codehaus.groovy.control.customizers.ASTTransformationCustomizer.call(ASTTransformationCustomizer.groovy:295)
	at org.codehaus.groovy.control.CompilationUnit.applyToPrimaryClassNodes(CompilationUnit.java:1047)
	at org.codehaus.groovy.control.CompilationUnit.doPhaseOperation(CompilationUnit.java:583)
	at org.codehaus.groovy.control.CompilationUnit.processPhaseOperations(CompilationUnit.java:561)
	at org.codehaus.groovy.control.CompilationUnit.compile(CompilationUnit.java:538)
	at ScaffoldingGrailsPlugin.createScaffoldedInstance(ScaffoldingGrailsPlugin.groovy:184)
	at ScaffoldingGrailsPlugin.configureScaffoldingController(ScaffoldingGrailsPlugin.groovy:139)
	at ScaffoldingGrailsPlugin$_closure3.doCall(ScaffoldingGrailsPlugin.groovy:105)
	at java.lang.Thread.run(Thread.java:724)
2015-01-14 22:31:27,278 [FileSystemWatcher: files=#109 cl=groovy.lang.GroovyClassLoader@3144e289] ERROR StackTrace  - Full Stack Trace:
BUG! exception in phase 'canonicalization' in source unit 'script1421245887049862416481.groovy' unexpected NullpointerException
	at org.codehaus.groovy.control.CompilationUnit.applyToPrimaryClassNodes(CompilationUnit.java:1052)
	at org.codehaus.groovy.control.CompilationUnit.doPhaseOperation(CompilationUnit.java:583)
	at org.codehaus.groovy.control.CompilationUnit.processPhaseOperations(CompilationUnit.java:561)
	at org.codehaus.groovy.control.CompilationUnit.compile(CompilationUnit.java:538)
	at ScaffoldingGrailsPlugin.createScaffoldedInstance(ScaffoldingGrailsPlugin.groovy:184)
	at ScaffoldingGrailsPlugin.configureScaffoldingController(ScaffoldingGrailsPlugin.groovy:139)
	at ScaffoldingGrailsPlugin$_closure3.doCall(ScaffoldingGrailsPlugin.groovy:105)
	at java.lang.Thread.run(Thread.java:724)
Caused by: java.lang.NullPointerException
	at org.codehaus.groovy.vmplugin.v5.Java5.configureClassNode(Java5.java:363)
	at org.codehaus.groovy.control.customizers.ASTTransformationCustomizer.call(ASTTransformationCustomizer.groovy:295)
	at org.codehaus.groovy.control.CompilationUnit.applyToPrimaryClassNodes(CompilationUnit.java:1047)
	... 7 more
2015-01-14 22:46:03,704 [FileSystemWatcher: files=#140 cl=groovy.lang.GroovyClassLoader@7519576] ERROR StackTrace  - Full Stack Trace:
org.codehaus.groovy.grails.exceptions.GrailsDomainException: No owner defined between domain classes [class teachme.Student] and [class teachme.Course] in a many-to-many relationship. Example: static belongsTo = teachme.Course
	at org.codehaus.groovy.grails.commons.DefaultGrailsDomainClass.establishOwnerOfManyToMany(DefaultGrailsDomainClass.java:454)
	at org.codehaus.groovy.grails.commons.DefaultGrailsDomainClass.establishRelationshipForCollection(DefaultGrailsDomainClass.java:375)
	at org.codehaus.groovy.grails.commons.DefaultGrailsDomainClass.establishRelationships(DefaultGrailsDomainClass.java:262)
	at org.codehaus.groovy.grails.commons.DefaultGrailsDomainClass.<init>(DefaultGrailsDomainClass.java:120)
	at org.codehaus.groovy.grails.commons.DomainClassArtefactHandler.newArtefactClass(DomainClassArtefactHandler.java:54)
	at org.codehaus.groovy.grails.commons.AnnotationDomainClassArtefactHandler.newArtefactClass(AnnotationDomainClassArtefactHandler.java:54)
	at org.codehaus.groovy.grails.commons.DefaultGrailsApplication.addArtefact(DefaultGrailsApplication.java:775)
	at org.codehaus.groovy.grails.commons.DefaultGrailsApplication.addArtefact(DefaultGrailsApplication.java:477)
	at org.codehaus.groovy.grails.commons.GrailsApplication$addArtefact$3.call(Unknown Source)
	at org.codehaus.groovy.runtime.callsite.CallSiteArray.defaultCall(CallSiteArray.java:45)
	at org.codehaus.groovy.runtime.callsite.AbstractCallSite.call(AbstractCallSite.java:108)
	at org.codehaus.groovy.runtime.callsite.AbstractCallSite.call(AbstractCallSite.java:120)
	at org.codehaus.groovy.grails.plugins.DomainClassGrailsPlugin$_closure3.doCall(DomainClassGrailsPlugin.groovy:128)
	at sun.reflect.NativeMethodAccessorImpl.invoke0(Native Method)
	at sun.reflect.NativeMethodAccessorImpl.invoke(NativeMethodAccessorImpl.java:57)
	at sun.reflect.DelegatingMethodAccessorImpl.invoke(DelegatingMethodAccessorImpl.java:43)
	at java.lang.reflect.Method.invoke(Method.java:606)
	at org.springsource.loaded.ri.ReflectiveInterceptor.jlrMethodInvoke(ReflectiveInterceptor.java:1276)
	at org.codehaus.groovy.reflection.CachedMethod.invoke(CachedMethod.java:90)
	at groovy.lang.MetaMethod.doMethodInvoke(MetaMethod.java:324)
	at groovy.lang.MetaClassImpl.invokeMethod(MetaClassImpl.java:1207)
	at groovy.lang.ExpandoMetaClass.invokeMethod(ExpandoMetaClass.java:1110)
	at groovy.lang.MetaClassImpl.invokeMethod(MetaClassImpl.java:1016)
	at groovy.lang.Closure.call(Closure.java:423)
	at org.codehaus.groovy.grails.plugins.DefaultGrailsPlugin.invokeOnChangeListener(DefaultGrailsPlugin.java:767)
	at org.codehaus.groovy.grails.plugins.DefaultGrailsPlugin.notifyOfEvent(DefaultGrailsPlugin.java:716)
	at org.codehaus.groovy.grails.plugins.DefaultGrailsPlugin.notifyOfEvent(DefaultGrailsPlugin.java:731)
	at org.codehaus.groovy.grails.plugins.AbstractGrailsPluginManager.informOfClassChange(AbstractGrailsPluginManager.java:408)
	at org.codehaus.groovy.grails.project.compiler.GrailsProjectWatcher$2.run(GrailsProjectWatcher.java:246)
	at org.codehaus.groovy.grails.project.compiler.GrailsProjectWatcher.firePendingClassChangeEvents(GrailsProjectWatcher.java:107)
	at org.codehaus.groovy.grails.cli.agent.GrailsPluginManagerReloadPlugin.reloadEvent(GrailsPluginManagerReloadPlugin.java:42)
	at org.springsource.loaded.TypeRegistry.fireReloadEvent(TypeRegistry.java:1794)
	at org.springsource.loaded.ReloadableType.loadNewVersion(ReloadableType.java:417)
	at org.springsource.loaded.TypeRegistry.loadNewVersion(TypeRegistry.java:845)
	at org.springsource.loaded.agent.ReloadableFileChangeListener.fileChanged(ReloadableFileChangeListener.java:51)
	at org.springsource.loaded.agent.Watcher.determineChangesSince(FileSystemWatcher.java:235)
	at org.springsource.loaded.agent.Watcher.run(FileSystemWatcher.java:219)
	at java.lang.Thread.run(Thread.java:724)
2015-01-14 22:46:03,724 [FileSystemWatcher: files=#140 cl=groovy.lang.GroovyClassLoader@7519576] ERROR StackTrace  - Full Stack Trace:
org.codehaus.groovy.grails.exceptions.GrailsDomainException: No owner defined between domain classes [class teachme.Student] and [class teachme.Course] in a many-to-many relationship. Example: static belongsTo = teachme.Course
	at java.lang.Thread.run(Thread.java:724)
2015-01-14 22:46:03,725 [FileSystemWatcher: files=#140 cl=groovy.lang.GroovyClassLoader@7519576] ERROR StackTrace  - Full Stack Trace:
org.codehaus.groovy.grails.exceptions.GrailsDomainException: No owner defined between domain classes [class teachme.Student] and [class teachme.Course] in a many-to-many relationship. Example: static belongsTo = teachme.Course
	at java.lang.Thread.run(Thread.java:724)
2015-01-14 22:46:03,725 [FileSystemWatcher: files=#140 cl=groovy.lang.GroovyClassLoader@7519576] ERROR StackTrace  - Full Stack Trace:
org.codehaus.groovy.grails.exceptions.GrailsDomainException: No owner defined between domain classes [class teachme.Student] and [class teachme.Course] in a many-to-many relationship. Example: static belongsTo = teachme.Course
	at java.lang.Thread.run(Thread.java:724)
2015-01-14 22:48:02,095 [FileSystemWatcher: files=#140 cl=groovy.lang.GroovyClassLoader@7519576] ERROR StackTrace  - Full Stack Trace:
org.codehaus.groovy.grails.exceptions.GrailsDomainException: No owner defined between domain classes [class teachme.Student] and [class teachme.Course] in a many-to-many relationship. Example: static belongsTo = teachme.Course
	at org.codehaus.groovy.grails.commons.DefaultGrailsDomainClass.establishOwnerOfManyToMany(DefaultGrailsDomainClass.java:454)
	at org.codehaus.groovy.grails.commons.DefaultGrailsDomainClass.establishRelationshipForCollection(DefaultGrailsDomainClass.java:375)
	at org.codehaus.groovy.grails.commons.DefaultGrailsDomainClass.establishRelationships(DefaultGrailsDomainClass.java:262)
	at org.codehaus.groovy.grails.commons.DefaultGrailsDomainClass.<init>(DefaultGrailsDomainClass.java:120)
	at org.codehaus.groovy.grails.commons.DomainClassArtefactHandler.newArtefactClass(DomainClassArtefactHandler.java:54)
	at org.codehaus.groovy.grails.commons.AnnotationDomainClassArtefactHandler.newArtefactClass(AnnotationDomainClassArtefactHandler.java:54)
	at org.codehaus.groovy.grails.commons.DefaultGrailsApplication.addArtefact(DefaultGrailsApplication.java:775)
	at org.codehaus.groovy.grails.commons.DefaultGrailsApplication.addArtefact(DefaultGrailsApplication.java:477)
	at org.codehaus.groovy.grails.commons.GrailsApplication$addArtefact$3.call(Unknown Source)
	at org.codehaus.groovy.grails.plugins.DomainClassGrailsPlugin$_closure3.doCall(DomainClassGrailsPlugin.groovy:128)
	at sun.reflect.NativeMethodAccessorImpl.invoke0(Native Method)
	at sun.reflect.NativeMethodAccessorImpl.invoke(NativeMethodAccessorImpl.java:57)
	at sun.reflect.DelegatingMethodAccessorImpl.invoke(DelegatingMethodAccessorImpl.java:43)
	at java.lang.reflect.Method.invoke(Method.java:606)
	at org.springsource.loaded.ri.ReflectiveInterceptor.jlrMethodInvoke(ReflectiveInterceptor.java:1276)
	at org.codehaus.groovy.reflection.CachedMethod.invoke(CachedMethod.java:90)
	at groovy.lang.MetaMethod.doMethodInvoke(MetaMethod.java:324)
	at groovy.lang.MetaClassImpl.invokeMethod(MetaClassImpl.java:1207)
	at groovy.lang.ExpandoMetaClass.invokeMethod(ExpandoMetaClass.java:1110)
	at groovy.lang.MetaClassImpl.invokeMethod(MetaClassImpl.java:1016)
	at groovy.lang.Closure.call(Closure.java:423)
	at org.codehaus.groovy.grails.plugins.DefaultGrailsPlugin.invokeOnChangeListener(DefaultGrailsPlugin.java:767)
	at org.codehaus.groovy.grails.plugins.DefaultGrailsPlugin.notifyOfEvent(DefaultGrailsPlugin.java:716)
	at org.codehaus.groovy.grails.plugins.DefaultGrailsPlugin.notifyOfEvent(DefaultGrailsPlugin.java:731)
	at org.codehaus.groovy.grails.plugins.AbstractGrailsPluginManager.informOfClassChange(AbstractGrailsPluginManager.java:408)
	at org.codehaus.groovy.grails.project.compiler.GrailsProjectWatcher$2.run(GrailsProjectWatcher.java:246)
	at org.codehaus.groovy.grails.project.compiler.GrailsProjectWatcher.firePendingClassChangeEvents(GrailsProjectWatcher.java:107)
	at org.codehaus.groovy.grails.cli.agent.GrailsPluginManagerReloadPlugin.reloadEvent(GrailsPluginManagerReloadPlugin.java:42)
	at org.springsource.loaded.TypeRegistry.fireReloadEvent(TypeRegistry.java:1794)
	at org.springsource.loaded.ReloadableType.loadNewVersion(ReloadableType.java:417)
	at org.springsource.loaded.TypeRegistry.loadNewVersion(TypeRegistry.java:845)
	at org.springsource.loaded.agent.ReloadableFileChangeListener.fileChanged(ReloadableFileChangeListener.java:51)
	at org.springsource.loaded.agent.Watcher.determineChangesSince(FileSystemWatcher.java:235)
	at org.springsource.loaded.agent.Watcher.run(FileSystemWatcher.java:219)
	at java.lang.Thread.run(Thread.java:724)
2015-01-14 22:48:02,104 [FileSystemWatcher: files=#140 cl=groovy.lang.GroovyClassLoader@7519576] ERROR StackTrace  - Full Stack Trace:
org.codehaus.groovy.grails.exceptions.GrailsDomainException: No owner defined between domain classes [class teachme.Student] and [class teachme.Course] in a many-to-many relationship. Example: static belongsTo = teachme.Course
	at java.lang.Thread.run(Thread.java:724)
2015-01-14 22:48:02,105 [FileSystemWatcher: files=#140 cl=groovy.lang.GroovyClassLoader@7519576] ERROR StackTrace  - Full Stack Trace:
org.codehaus.groovy.grails.exceptions.GrailsDomainException: No owner defined between domain classes [class teachme.Student] and [class teachme.Course] in a many-to-many relationship. Example: static belongsTo = teachme.Course
	at java.lang.Thread.run(Thread.java:724)
2015-01-14 22:48:02,105 [FileSystemWatcher: files=#140 cl=groovy.lang.GroovyClassLoader@7519576] ERROR StackTrace  - Full Stack Trace:
org.codehaus.groovy.grails.exceptions.GrailsDomainException: No owner defined between domain classes [class teachme.Student] and [class teachme.Course] in a many-to-many relationship. Example: static belongsTo = teachme.Course
	at java.lang.Thread.run(Thread.java:724)
2015-01-14 23:00:33,838 [FileSystemWatcher: files=#5 cl=groovy.lang.GroovyClassLoader@25ff9f77] ERROR StackTrace  - Full Stack Trace:
org.codehaus.groovy.grails.exceptions.GrailsDomainException: No owner defined between domain classes [class teachme.Student] and [class teachme.Course] in a many-to-many relationship. Example: static belongsTo = teachme.Course
	at org.codehaus.groovy.grails.commons.DefaultGrailsDomainClass.establishOwnerOfManyToMany(DefaultGrailsDomainClass.java:454)
	at org.codehaus.groovy.grails.commons.DefaultGrailsDomainClass.establishRelationshipForCollection(DefaultGrailsDomainClass.java:375)
	at org.codehaus.groovy.grails.commons.DefaultGrailsDomainClass.establishRelationships(DefaultGrailsDomainClass.java:262)
	at org.codehaus.groovy.grails.commons.DefaultGrailsDomainClass.<init>(DefaultGrailsDomainClass.java:120)
	at org.codehaus.groovy.grails.commons.DomainClassArtefactHandler.newArtefactClass(DomainClassArtefactHandler.java:54)
	at org.codehaus.groovy.grails.commons.AnnotationDomainClassArtefactHandler.newArtefactClass(AnnotationDomainClassArtefactHandler.java:54)
	at org.codehaus.groovy.grails.commons.DefaultGrailsApplication.addArtefact(DefaultGrailsApplication.java:775)
	at org.codehaus.groovy.grails.commons.DefaultGrailsApplication.addArtefact(DefaultGrailsApplication.java:477)
	at org.codehaus.groovy.grails.commons.GrailsApplication$addArtefact.call(Unknown Source)
	at org.codehaus.groovy.runtime.callsite.CallSiteArray.defaultCall(CallSiteArray.java:45)
	at org.codehaus.groovy.runtime.callsite.AbstractCallSite.call(AbstractCallSite.java:108)
	at org.codehaus.groovy.runtime.callsite.AbstractCallSite.call(AbstractCallSite.java:120)
	at org.codehaus.groovy.grails.plugins.DomainClassGrailsPlugin$_closure3.doCall(DomainClassGrailsPlugin.groovy:128)
	at sun.reflect.NativeMethodAccessorImpl.invoke0(Native Method)
	at sun.reflect.NativeMethodAccessorImpl.invoke(NativeMethodAccessorImpl.java:57)
	at sun.reflect.DelegatingMethodAccessorImpl.invoke(DelegatingMethodAccessorImpl.java:43)
	at java.lang.reflect.Method.invoke(Method.java:606)
	at org.springsource.loaded.ri.ReflectiveInterceptor.jlrMethodInvoke(ReflectiveInterceptor.java:1276)
	at org.codehaus.groovy.reflection.CachedMethod.invoke(CachedMethod.java:90)
	at groovy.lang.MetaMethod.doMethodInvoke(MetaMethod.java:324)
	at groovy.lang.MetaClassImpl.invokeMethod(MetaClassImpl.java:1207)
	at groovy.lang.ExpandoMetaClass.invokeMethod(ExpandoMetaClass.java:1110)
	at groovy.lang.MetaClassImpl.invokeMethod(MetaClassImpl.java:1016)
	at groovy.lang.Closure.call(Closure.java:423)
	at org.codehaus.groovy.grails.plugins.DefaultGrailsPlugin.invokeOnChangeListener(DefaultGrailsPlugin.java:767)
	at org.codehaus.groovy.grails.plugins.DefaultGrailsPlugin.notifyOfEvent(DefaultGrailsPlugin.java:716)
	at org.codehaus.groovy.grails.plugins.DefaultGrailsPlugin.notifyOfEvent(DefaultGrailsPlugin.java:731)
	at org.codehaus.groovy.grails.plugins.AbstractGrailsPluginManager.informOfClassChange(AbstractGrailsPluginManager.java:408)
	at org.codehaus.groovy.grails.project.compiler.GrailsProjectWatcher$2.run(GrailsProjectWatcher.java:246)
	at org.codehaus.groovy.grails.project.compiler.GrailsProjectWatcher.firePendingClassChangeEvents(GrailsProjectWatcher.java:107)
	at org.codehaus.groovy.grails.cli.agent.GrailsPluginManagerReloadPlugin.reloadEvent(GrailsPluginManagerReloadPlugin.java:42)
	at org.springsource.loaded.TypeRegistry.fireReloadEvent(TypeRegistry.java:1794)
	at org.springsource.loaded.ReloadableType.loadNewVersion(ReloadableType.java:417)
	at org.springsource.loaded.TypeRegistry.loadNewVersion(TypeRegistry.java:845)
	at org.springsource.loaded.agent.ReloadableFileChangeListener.fileChanged(ReloadableFileChangeListener.java:51)
	at org.springsource.loaded.agent.Watcher.determineChangesSince(FileSystemWatcher.java:235)
	at org.springsource.loaded.agent.Watcher.run(FileSystemWatcher.java:219)
	at java.lang.Thread.run(Thread.java:724)
2015-01-14 23:00:33,841 [FileSystemWatcher: files=#5 cl=groovy.lang.GroovyClassLoader@25ff9f77] ERROR StackTrace  - Full Stack Trace:
org.codehaus.groovy.grails.exceptions.GrailsDomainException: No owner defined between domain classes [class teachme.Student] and [class teachme.Course] in a many-to-many relationship. Example: static belongsTo = teachme.Course
	at java.lang.Thread.run(Thread.java:724)
2015-01-14 23:00:33,841 [FileSystemWatcher: files=#5 cl=groovy.lang.GroovyClassLoader@25ff9f77] ERROR StackTrace  - Full Stack Trace:
org.codehaus.groovy.grails.exceptions.GrailsDomainException: No owner defined between domain classes [class teachme.Student] and [class teachme.Course] in a many-to-many relationship. Example: static belongsTo = teachme.Course
	at java.lang.Thread.run(Thread.java:724)
2015-01-14 23:00:33,841 [FileSystemWatcher: files=#5 cl=groovy.lang.GroovyClassLoader@25ff9f77] ERROR StackTrace  - Full Stack Trace:
org.codehaus.groovy.grails.exceptions.GrailsDomainException: No owner defined between domain classes [class teachme.Student] and [class teachme.Course] in a many-to-many relationship. Example: static belongsTo = teachme.Course
	at java.lang.Thread.run(Thread.java:724)
2015-01-14 23:07:38,698 [FileSystemWatcher: files=#109 cl=groovy.lang.GroovyClassLoader@2174a9a4] ERROR StackTrace  - Full Stack Trace:
org.codehaus.groovy.grails.exceptions.InvalidPropertyException: No property found for name [student] for class [class teachme.Course]
	at org.codehaus.groovy.grails.commons.DefaultGrailsDomainClass.getPropertyByName(DefaultGrailsDomainClass.java:665)
	at org.codehaus.groovy.grails.commons.GrailsDomainConfigurationUtil.configureDomainClassRelationships(GrailsDomainConfigurationUtil.java:161)
	at org.codehaus.groovy.grails.commons.DomainClassArtefactHandler.initialize(DomainClassArtefactHandler.java:64)
	at org.codehaus.groovy.grails.commons.DefaultGrailsApplication.initializeArtefacts(DefaultGrailsApplication.java:563)
	at org.codehaus.groovy.grails.commons.DefaultGrailsApplication.initializeArtefacts(DefaultGrailsApplication.java:536)
	at org.codehaus.groovy.grails.commons.DefaultGrailsApplication.addArtefact(DefaultGrailsApplication.java:791)
	at org.codehaus.groovy.grails.commons.DefaultGrailsApplication.addArtefact(DefaultGrailsApplication.java:477)
	at org.codehaus.groovy.grails.commons.GrailsApplication$addArtefact$2.call(Unknown Source)
	at org.codehaus.groovy.runtime.callsite.CallSiteArray.defaultCall(CallSiteArray.java:45)
	at org.codehaus.groovy.runtime.callsite.AbstractCallSite.call(AbstractCallSite.java:108)
	at org.codehaus.groovy.runtime.callsite.AbstractCallSite.call(AbstractCallSite.java:120)
	at org.codehaus.groovy.grails.plugins.DomainClassGrailsPlugin$_closure3.doCall(DomainClassGrailsPlugin.groovy:128)
	at sun.reflect.NativeMethodAccessorImpl.invoke0(Native Method)
	at sun.reflect.NativeMethodAccessorImpl.invoke(NativeMethodAccessorImpl.java:57)
	at sun.reflect.DelegatingMethodAccessorImpl.invoke(DelegatingMethodAccessorImpl.java:43)
	at java.lang.reflect.Method.invoke(Method.java:606)
	at org.springsource.loaded.ri.ReflectiveInterceptor.jlrMethodInvoke(ReflectiveInterceptor.java:1276)
	at org.codehaus.groovy.reflection.CachedMethod.invoke(CachedMethod.java:90)
	at groovy.lang.MetaMethod.doMethodInvoke(MetaMethod.java:324)
	at groovy.lang.MetaClassImpl.invokeMethod(MetaClassImpl.java:1207)
	at groovy.lang.ExpandoMetaClass.invokeMethod(ExpandoMetaClass.java:1110)
	at groovy.lang.MetaClassImpl.invokeMethod(MetaClassImpl.java:1016)
	at groovy.lang.Closure.call(Closure.java:423)
	at org.codehaus.groovy.grails.plugins.DefaultGrailsPlugin.invokeOnChangeListener(DefaultGrailsPlugin.java:767)
	at org.codehaus.groovy.grails.plugins.DefaultGrailsPlugin.notifyOfEvent(DefaultGrailsPlugin.java:716)
	at org.codehaus.groovy.grails.plugins.DefaultGrailsPlugin.notifyOfEvent(DefaultGrailsPlugin.java:731)
	at org.codehaus.groovy.grails.plugins.AbstractGrailsPluginManager.informOfClassChange(AbstractGrailsPluginManager.java:408)
	at org.codehaus.groovy.grails.project.compiler.GrailsProjectWatcher$2.run(GrailsProjectWatcher.java:246)
	at org.codehaus.groovy.grails.project.compiler.GrailsProjectWatcher.firePendingClassChangeEvents(GrailsProjectWatcher.java:107)
	at org.codehaus.groovy.grails.cli.agent.GrailsPluginManagerReloadPlugin.reloadEvent(GrailsPluginManagerReloadPlugin.java:42)
	at org.springsource.loaded.TypeRegistry.fireReloadEvent(TypeRegistry.java:1794)
	at org.springsource.loaded.ReloadableType.loadNewVersion(ReloadableType.java:417)
	at org.springsource.loaded.TypeRegistry.loadNewVersion(TypeRegistry.java:845)
	at org.springsource.loaded.agent.ReloadableFileChangeListener.fileChanged(ReloadableFileChangeListener.java:51)
	at org.springsource.loaded.agent.Watcher.determineChangesSince(FileSystemWatcher.java:235)
	at org.springsource.loaded.agent.Watcher.run(FileSystemWatcher.java:219)
	at java.lang.Thread.run(Thread.java:724)
2015-01-14 23:07:38,714 [FileSystemWatcher: files=#109 cl=groovy.lang.GroovyClassLoader@2174a9a4] ERROR StackTrace  - Full Stack Trace:
org.codehaus.groovy.grails.exceptions.InvalidPropertyException: No property found for name [student] for class [class teachme.Course]
	at java.lang.Thread.run(Thread.java:724)
2015-01-14 23:07:38,715 [FileSystemWatcher: files=#109 cl=groovy.lang.GroovyClassLoader@2174a9a4] ERROR StackTrace  - Full Stack Trace:
org.codehaus.groovy.grails.exceptions.InvalidPropertyException: No property found for name [student] for class [class teachme.Course]
	at java.lang.Thread.run(Thread.java:724)
2015-01-14 23:07:38,715 [FileSystemWatcher: files=#109 cl=groovy.lang.GroovyClassLoader@2174a9a4] ERROR StackTrace  - Full Stack Trace:
org.codehaus.groovy.grails.exceptions.InvalidPropertyException: No property found for name [student] for class [class teachme.Course]
	at java.lang.Thread.run(Thread.java:724)
